[0617/150834.074:ERROR:process_memory_win.cc(73)] ReadMemory at 0x8d0000 of 64 bytes failed: ReadProcessMemory veya WriteProcessMemory isteðinin sadece bir parçasý tamamlandý. (0x12B)
[0617/150834.075:WARNING:pe_image_reader.cc(340)] could not read dos header from C:\Program Files (x86)\Google\Chrome\Application\chrome.exe
[0617/150834.091:ERROR:process_memory_win.cc(73)] ReadMemory at 0x5370000 of 65536 bytes failed: ReadProcessMemory veya WriteProcessMemory isteðinin sadece bir parçasý tamamlandý. (0x12B)
[0617/150834.091:ERROR:process_memory_win.cc(73)] ReadMemory at 0x948e000 of 8192 bytes failed: ReadProcessMemory veya WriteProcessMemory isteðinin sadece bir parçasý tamamlandý. (0x12B)
[0617/150834.092:ERROR:process_memory_win.cc(73)] ReadMemory at 0x958b000 of 20480 bytes failed: ReadProcessMemory veya WriteProcessMemory isteðinin sadece bir parçasý tamamlandý. (0x12B)
[0617/150834.092:ERROR:process_memory_win.cc(73)] ReadMemory at 0x96ce000 of 8192 bytes failed: ReadProcessMemory veya WriteProcessMemory isteðinin sadece bir parçasý tamamlandý. (0x12B)
[0617/150834.092:ERROR:process_memory_win.cc(73)] ReadMemory at 0x980e000 of 8192 bytes failed: ReadProcessMemory veya WriteProcessMemory isteðinin sadece bir parçasý tamamlandý. (0x12B)
[0617/150834.092:ERROR:process_memory_win.cc(73)] ReadMemory at 0x99cf000 of 4096 bytes failed: ReadProcessMemory veya WriteProcessMemory isteðinin sadece bir parçasý tamamlandý. (0x12B)
[0617/150834.092:ERROR:process_memory_win.cc(73)] ReadMemory at 0x9b0e000 of 8192 bytes failed: ReadProcessMemory veya WriteProcessMemory isteðinin sadece bir parçasý tamamlandý. (0x12B)
[0617/150834.092:ERROR:process_memory_win.cc(73)] ReadMemory at 0x9efd000 of 12288 bytes failed: ReadProcessMemory veya WriteProcessMemory isteðinin sadece bir parçasý tamamlandý. (0x12B)
[0617/150834.093:ERROR:process_memory_win.cc(73)] ReadMemory at 0xa03e000 of 8192 bytes failed: ReadProcessMemory veya WriteProcessMemory isteðinin sadece bir parçasý tamamlandý. (0x12B)
[0617/150834.093:ERROR:process_memory_win.cc(73)] ReadMemory at 0xa97e000 of 8192 bytes failed: ReadProcessMemory veya WriteProcessMemory isteðinin sadece bir parçasý tamamlandý. (0x12B)
[0617/150834.093:ERROR:process_memory_win.cc(73)] ReadMemory at 0xaaba000 of 24576 bytes failed: ReadProcessMemory veya WriteProcessMemory isteðinin sadece bir parçasý tamamlandý. (0x12B)
[0617/150834.093:ERROR:process_memory_win.cc(73)] ReadMemory at 0xadfa000 of 24576 bytes failed: ReadProcessMemory veya WriteProcessMemory isteðinin sadece bir parçasý tamamlandý. (0x12B)
[0617/150834.093:ERROR:process_memory_win.cc(73)] ReadMemory at 0xaf3d000 of 12288 bytes failed: ReadProcessMemory veya WriteProcessMemory isteðinin sadece bir parçasý tamamlandý. (0x12B)
[0617/150834.093:ERROR:process_memory_win.cc(73)] ReadMemory at 0xa1fe000 of 8192 bytes failed: ReadProcessMemory veya WriteProcessMemory isteðinin sadece bir parçasý tamamlandý. (0x12B)
[0617/150834.093:ERROR:process_memory_win.cc(73)] ReadMemory at 0xd57b000 of 20480 bytes failed: ReadProcessMemory veya WriteProcessMemory isteðinin sadece bir parçasý tamamlandý. (0x12B)
[0617/150834.093:ERROR:process_memory_win.cc(73)] ReadMemory at 0x5142000 of 560 bytes failed: ReadProcessMemory veya WriteProcessMemory isteðinin sadece bir parçasý tamamlandý. (0x12B)
[0617/150834.094:ERROR:process_memory_win.cc(73)] ReadMemory at 0x5145000 of 3992 bytes failed: ReadProcessMemory veya WriteProcessMemory isteðinin sadece bir parçasý tamamlandý. (0x12B)
[0617/150834.094:ERROR:process_memory_win.cc(73)] ReadMemory at 0x5148000 of 3992 bytes failed: ReadProcessMemory veya WriteProcessMemory isteðinin sadece bir parçasý tamamlandý. (0x12B)
[0617/150834.094:ERROR:process_memory_win.cc(73)] ReadMemory at 0x514b000 of 3992 bytes failed: ReadProcessMemory veya WriteProcessMemory isteðinin sadece bir parçasý tamamlandý. (0x12B)
[0617/150834.094:ERROR:process_memory_win.cc(73)] ReadMemory at 0x514e000 of 3992 bytes failed: ReadProcessMemory veya WriteProcessMemory isteðinin sadece bir parçasý tamamlandý. (0x12B)
[0617/150834.095:ERROR:process_memory_win.cc(73)] ReadMemory at 0x5151000 of 3992 bytes failed: ReadProcessMemory veya WriteProcessMemory isteðinin sadece bir parçasý tamamlandý. (0x12B)
[0617/150834.095:ERROR:process_memory_win.cc(73)] ReadMemory at 0x5154000 of 3992 bytes failed: ReadProcessMemory veya WriteProcessMemory isteðinin sadece bir parçasý tamamlandý. (0x12B)
[0617/150834.095:ERROR:process_memory_win.cc(73)] ReadMemory at 0x5157000 of 3992 bytes failed: ReadProcessMemory veya WriteProcessMemory isteðinin sadece bir parçasý tamamlandý. (0x12B)
[0617/150834.095:ERROR:process_memory_win.cc(73)] ReadMemory at 0x515a000 of 3992 bytes failed: ReadProcessMemory veya WriteProcessMemory isteðinin sadece bir parçasý tamamlandý. (0x12B)
[0617/150834.096:ERROR:process_memory_win.cc(73)] ReadMemory at 0x515d000 of 3992 bytes failed: ReadProcessMemory veya WriteProcessMemory isteðinin sadece bir parçasý tamamlandý. (0x12B)
[0617/150834.096:ERROR:process_memory_win.cc(73)] ReadMemory at 0x5160000 of 3992 bytes failed: ReadProcessMemory veya WriteProcessMemory isteðinin sadece bir parçasý tamamlandý. (0x12B)
[0617/150834.096:ERROR:process_memory_win.cc(73)] ReadMemory at 0x5163000 of 3992 bytes failed: ReadProcessMemory veya WriteProcessMemory isteðinin sadece bir parçasý tamamlandý. (0x12B)
[0617/150834.096:ERROR:process_memory_win.cc(73)] ReadMemory at 0x5166000 of 3992 bytes failed: ReadProcessMemory veya WriteProcessMemory isteðinin sadece bir parçasý tamamlandý. (0x12B)
[0617/150834.097:ERROR:process_memory_win.cc(73)] ReadMemory at 0x5169000 of 3992 bytes failed: ReadProcessMemory veya WriteProcessMemory isteðinin sadece bir parçasý tamamlandý. (0x12B)
[0617/150834.097:ERROR:process_memory_win.cc(73)] ReadMemory at 0x516c000 of 3992 bytes failed: ReadProcessMemory veya WriteProcessMemory isteðinin sadece bir parçasý tamamlandý. (0x12B)
[0617/150834.098:ERROR:process_memory_win.cc(73)] ReadMemory at 0x516f000 of 3992 bytes failed: ReadProcessMemory veya WriteProcessMemory isteðinin sadece bir parçasý tamamlandý. (0x12B)
[0617/150834.098:ERROR:process_memory_win.cc(73)] ReadMemory at 0x75104a0 of 72 bytes failed: ReadProcessMemory veya WriteProcessMemory isteðinin sadece bir parçasý tamamlandý. (0x12B)
[0617/150834.099:ERROR:process_memory_win.cc(73)] ReadMemory at 0x7510558 of 62 bytes failed: ReadProcessMemory veya WriteProcessMemory isteðinin sadece bir parçasý tamamlandý. (0x12B)
[0617/150834.099:ERROR:process_memory_win.cc(73)] ReadMemory at 0x7510ae0 of 6562 bytes failed: ReadProcessMemory veya WriteProcessMemory isteðinin sadece bir parçasý tamamlandý. (0x12B)
[0617/150834.099:ERROR:process_memory_win.cc(73)] ReadMemory at 0x7512490 of 660 bytes failed: ReadProcessMemory veya WriteProcessMemory isteðinin sadece bir parçasý tamamlandý. (0x12B)
[0617/150834.099:ERROR:process_memory_win.cc(73)] ReadMemory at 0x751293c of 118 bytes failed: ReadProcessMemory veya WriteProcessMemory isteðinin sadece bir parçasý tamamlandý. (0x12B)
[0617/150834.099:ERROR:process_memory_win.cc(73)] ReadMemory at 0x75129b4 of 1260 bytes failed: ReadProcessMemory veya WriteProcessMemory isteðinin sadece bir parçasý tamamlandý. (0x12B)
[0617/150834.099:ERROR:process_memory_win.cc(73)] ReadMemory at 0x7512ea2 of 118 bytes failed: ReadProcessMemory veya WriteProcessMemory isteðinin sadece bir parçasý tamamlandý. (0x12B)
[0617/150834.100:ERROR:process_memory_win.cc(73)] ReadMemory at 0x7512f1a of 96 bytes failed: ReadProcessMemory veya WriteProcessMemory isteðinin sadece bir parçasý tamamlandý. (0x12B)
[0617/150834.100:ERROR:process_memory_win.cc(73)] ReadMemory at 0x7514928 of 58 bytes failed: ReadProcessMemory veya WriteProcessMemory isteðinin sadece bir parçasý tamamlandý. (0x12B)
[0617/150834.100:ERROR:process_memory_win.cc(73)] ReadMemory at 0x7514a18 of 72 bytes failed: ReadProcessMemory veya WriteProcessMemory isteðinin sadece bir parçasý tamamlandý. (0x12B)
[0617/150834.100:ERROR:process_memory_win.cc(73)] ReadMemory at 0x7514b00 of 72 bytes failed: ReadProcessMemory veya WriteProcessMemory isteðinin sadece bir parçasý tamamlandý. (0x12B)
[0617/150834.100:ERROR:process_memory_win.cc(73)] ReadMemory at 0x7514c00 of 126 bytes failed: ReadProcessMemory veya WriteProcessMemory isteðinin sadece bir parçasý tamamlandý. (0x12B)
[0617/150834.100:ERROR:process_memory_win.cc(73)] ReadMemory at 0x7514f30 of 72 bytes failed: ReadProcessMemory veya WriteProcessMemory isteðinin sadece bir parçasý tamamlandý. (0x12B)
[0617/150834.100:ERROR:process_memory_win.cc(73)] ReadMemory at 0x7515018 of 64 bytes failed: ReadProcessMemory veya WriteProcessMemory isteðinin sadece bir parçasý tamamlandý. (0x12B)
[0617/150834.100:ERROR:process_memory_win.cc(73)] ReadMemory at 0x7515100 of 72 bytes failed: ReadProcessMemory veya WriteProcessMemory isteðinin sadece bir parçasý tamamlandý. (0x12B)
[0617/150834.101:ERROR:process_memory_win.cc(73)] ReadMemory at 0x7515280 of 72 bytes failed: ReadProcessMemory veya WriteProcessMemory isteðinin sadece bir parçasý tamamlandý. (0x12B)
[0617/150834.101:ERROR:process_memory_win.cc(73)] ReadMemory at 0x7515368 of 68 bytes failed: ReadProcessMemory veya WriteProcessMemory isteðinin sadece bir parçasý tamamlandý. (0x12B)
[0617/150834.101:ERROR:process_memory_win.cc(73)] ReadMemory at 0x7515cb0 of 72 bytes failed: ReadProcessMemory veya WriteProcessMemory isteðinin sadece bir parçasý tamamlandý. (0x12B)
[0617/150834.101:ERROR:process_memory_win.cc(73)] ReadMemory at 0x7515d60 of 62 bytes failed: ReadProcessMemory veya WriteProcessMemory isteðinin sadece bir parçasý tamamlandý. (0x12B)
[0617/150834.101:ERROR:process_memory_win.cc(73)] ReadMemory at 0x7515dc0 of 72 bytes failed: ReadProcessMemory veya WriteProcessMemory isteðinin sadece bir parçasý tamamlandý. (0x12B)
[0617/150834.101:ERROR:process_memory_win.cc(73)] ReadMemory at 0x7515ea8 of 154 bytes failed: ReadProcessMemory veya WriteProcessMemory isteðinin sadece bir parçasý tamamlandý. (0x12B)
[0617/150834.101:ERROR:process_memory_win.cc(73)] ReadMemory at 0x75162a8 of 54 bytes failed: ReadProcessMemory veya WriteProcessMemory isteðinin sadece bir parçasý tamamlandý. (0x12B)
[0617/150834.101:ERROR:process_memory_win.cc(73)] ReadMemory at 0x7517070 of 72 bytes failed: ReadProcessMemory veya WriteProcessMemory isteðinin sadece bir parçasý tamamlandý. (0x12B)
[0617/150834.102:ERROR:process_memory_win.cc(73)] ReadMemory at 0x7517ad0 of 62 bytes failed: ReadProcessMemory veya WriteProcessMemory isteðinin sadece bir parçasý tamamlandý. (0x12B)
[0617/150834.102:ERROR:process_memory_win.cc(73)] ReadMemory at 0x7517b18 of 72 bytes failed: ReadProcessMemory veya WriteProcessMemory isteðinin sadece bir parçasý tamamlandý. (0x12B)
[0617/150834.102:ERROR:process_memory_win.cc(73)] ReadMemory at 0x7517c00 of 60 bytes failed: ReadProcessMemory veya WriteProcessMemory isteðinin sadece bir parçasý tamamlandý. (0x12B)
[0617/150834.102:ERROR:process_memory_win.cc(73)] ReadMemory at 0x7517c48 of 64 bytes failed: ReadProcessMemory veya WriteProcessMemory isteðinin sadece bir parçasý tamamlandý. (0x12B)
[0617/150834.102:ERROR:process_memory_win.cc(73)] ReadMemory at 0x751bf58 of 72 bytes failed: ReadProcessMemory veya WriteProcessMemory isteðinin sadece bir parçasý tamamlandý. (0x12B)
[0617/150834.103:ERROR:process_memory_win.cc(73)] ReadMemory at 0x751c098 of 72 bytes failed: ReadProcessMemory veya WriteProcessMemory isteðinin sadece bir parçasý tamamlandý. (0x12B)
[0617/150834.103:ERROR:process_memory_win.cc(73)] ReadMemory at 0x751c210 of 76 bytes failed: ReadProcessMemory veya WriteProcessMemory isteðinin sadece bir parçasý tamamlandý. (0x12B)
[0617/150834.103:ERROR:process_memory_win.cc(73)] ReadMemory at 0x751c278 of 66 bytes failed: ReadProcessMemory veya WriteProcessMemory isteðinin sadece bir parçasý tamamlandý. (0x12B)
[0617/150834.103:ERROR:process_memory_win.cc(73)] ReadMemory at 0x751c2c8 of 64 bytes failed: ReadProcessMemory veya WriteProcessMemory isteðinin sadece bir parçasý tamamlandý. (0x12B)
[0617/150834.103:ERROR:process_memory_win.cc(73)] ReadMemory at 0x751c318 of 72 bytes failed: ReadProcessMemory veya WriteProcessMemory isteðinin sadece bir parçasý tamamlandý. (0x12B)
[0617/150834.103:ERROR:process_memory_win.cc(73)] ReadMemory at 0x751c400 of 80 bytes failed: ReadProcessMemory veya WriteProcessMemory isteðinin sadece bir parçasý tamamlandý. (0x12B)
[0617/150834.103:ERROR:process_memory_win.cc(73)] ReadMemory at 0x751c4f0 of 72 bytes failed: ReadProcessMemory veya WriteProcessMemory isteðinin sadece bir parçasý tamamlandý. (0x12B)
[0617/150834.104:ERROR:process_memory_win.cc(73)] ReadMemory at 0x751c5a0 of 60 bytes failed: ReadProcessMemory veya WriteProcessMemory isteðinin sadece bir parçasý tamamlandý. (0x12B)
[0617/150834.104:ERROR:process_memory_win.cc(73)] ReadMemory at 0x751c738 of 72 bytes failed: ReadProcessMemory veya WriteProcessMemory isteðinin sadece bir parçasý tamamlandý. (0x12B)
[0617/150834.104:ERROR:process_memory_win.cc(73)] ReadMemory at 0x751cc30 of 146 bytes failed: ReadProcessMemory veya WriteProcessMemory isteðinin sadece bir parçasý tamamlandý. (0x12B)
[0617/150834.104:ERROR:process_memory_win.cc(73)] ReadMemory at 0x751ccd0 of 60 bytes failed: ReadProcessMemory veya WriteProcessMemory isteðinin sadece bir parçasý tamamlandý. (0x12B)
[0617/150834.105:ERROR:process_memory_win.cc(73)] ReadMemory at 0x751cd18 of 72 bytes failed: ReadProcessMemory veya WriteProcessMemory isteðinin sadece bir parçasý tamamlandý. (0x12B)
[0617/150834.105:ERROR:process_memory_win.cc(73)] ReadMemory at 0x751cdc8 of 66 bytes failed: ReadProcessMemory veya WriteProcessMemory isteðinin sadece bir parçasý tamamlandý. (0x12B)
[0617/150834.106:ERROR:process_memory_win.cc(73)] ReadMemory at 0x751cea0 of 72 bytes failed: ReadProcessMemory veya WriteProcessMemory isteðinin sadece bir parçasý tamamlandý. (0x12B)
[0617/150834.106:ERROR:process_memory_win.cc(73)] ReadMemory at 0x751cf50 of 64 bytes failed: ReadProcessMemory veya WriteProcessMemory isteðinin sadece bir parçasý tamamlandý. (0x12B)
[0617/150834.106:ERROR:process_memory_win.cc(73)] ReadMemory at 0x751d1d8 of 72 bytes failed: ReadProcessMemory veya WriteProcessMemory isteðinin sadece bir parçasý tamamlandý. (0x12B)
[0617/150834.106:ERROR:process_memory_win.cc(73)] ReadMemory at 0x751d288 of 72 bytes failed: ReadProcessMemory veya WriteProcessMemory isteðinin sadece bir parçasý tamamlandý. (0x12B)
[0617/150834.106:ERROR:process_memory_win.cc(73)] ReadMemory at 0x751d338 of 72 bytes failed: ReadProcessMemory veya WriteProcessMemory isteðinin sadece bir parçasý tamamlandý. (0x12B)
[0617/150834.106:ERROR:process_memory_win.cc(73)] ReadMemory at 0x751d3e8 of 72 bytes failed: ReadProcessMemory veya WriteProcessMemory isteðinin sadece bir parçasý tamamlandý. (0x12B)
[0617/150834.106:ERROR:process_memory_win.cc(73)] ReadMemory at 0x751d498 of 72 bytes failed: ReadProcessMemory veya WriteProcessMemory isteðinin sadece bir parçasý tamamlandý. (0x12B)
[0617/150834.106:ERROR:process_memory_win.cc(73)] ReadMemory at 0x751d548 of 72 bytes failed: ReadProcessMemory veya WriteProcessMemory isteðinin sadece bir parçasý tamamlandý. (0x12B)
[0617/150834.106:ERROR:process_memory_win.cc(73)] ReadMemory at 0x751d5f8 of 72 bytes failed: ReadProcessMemory veya WriteProcessMemory isteðinin sadece bir parçasý tamamlandý. (0x12B)
[0617/150834.106:ERROR:process_memory_win.cc(73)] ReadMemory at 0x751d6a8 of 72 bytes failed: ReadProcessMemory veya WriteProcessMemory isteðinin sadece bir parçasý tamamlandý. (0x12B)
[0617/150834.106:ERROR:process_memory_win.cc(73)] ReadMemory at 0x751d758 of 72 bytes failed: ReadProcessMemory veya WriteProcessMemory isteðinin sadece bir parçasý tamamlandý. (0x12B)
[0617/150834.107:ERROR:process_memory_win.cc(73)] ReadMemory at 0x751d808 of 72 bytes failed: ReadProcessMemory veya WriteProcessMemory isteðinin sadece bir parçasý tamamlandý. (0x12B)
[0617/150834.107:ERROR:process_memory_win.cc(73)] ReadMemory at 0x751d8b8 of 72 bytes failed: ReadProcessMemory veya WriteProcessMemory isteðinin sadece bir parçasý tamamlandý. (0x12B)
[0617/150834.107:ERROR:process_memory_win.cc(73)] ReadMemory at 0x751d968 of 72 bytes failed: ReadProcessMemory veya WriteProcessMemory isteðinin sadece bir parçasý tamamlandý. (0x12B)
[0617/150834.107:ERROR:process_memory_win.cc(73)] ReadMemory at 0x751da18 of 72 bytes failed: ReadProcessMemory veya WriteProcessMemory isteðinin sadece bir parçasý tamamlandý. (0x12B)
[0617/150834.107:ERROR:process_memory_win.cc(73)] ReadMemory at 0x751dac8 of 72 bytes failed: ReadProcessMemory veya WriteProcessMemory isteðinin sadece bir parçasý tamamlandý. (0x12B)
[0617/150834.107:ERROR:process_memory_win.cc(73)] ReadMemory at 0x751db78 of 72 bytes failed: ReadProcessMemory veya WriteProcessMemory isteðinin sadece bir parçasý tamamlandý. (0x12B)
[0617/150834.107:ERROR:process_memory_win.cc(73)] ReadMemory at 0x751dc28 of 72 bytes failed: ReadProcessMemory veya WriteProcessMemory isteðinin sadece bir parçasý tamamlandý. (0x12B)
[0617/150834.107:ERROR:process_memory_win.cc(73)] ReadMemory at 0x751dcd8 of 72 bytes failed: ReadProcessMemory veya WriteProcessMemory isteðinin sadece bir parçasý tamamlandý. (0x12B)
[0617/150834.107:ERROR:process_memory_win.cc(73)] ReadMemory at 0x751dd88 of 72 bytes failed: ReadProcessMemory veya WriteProcessMemory isteðinin sadece bir parçasý tamamlandý. (0x12B)
[0617/150834.107:ERROR:process_memory_win.cc(73)] ReadMemory at 0x751de38 of 72 bytes failed: ReadProcessMemory veya WriteProcessMemory isteðinin sadece bir parçasý tamamlandý. (0x12B)
[0617/150834.107:ERROR:process_memory_win.cc(73)] ReadMemory at 0x751dee8 of 72 bytes failed: ReadProcessMemory veya WriteProcessMemory isteðinin sadece bir parçasý tamamlandý. (0x12B)
[0617/150834.107:ERROR:process_memory_win.cc(73)] ReadMemory at 0x751df98 of 72 bytes failed: ReadProcessMemory veya WriteProcessMemory isteðinin sadece bir parçasý tamamlandý. (0x12B)
[0617/150834.107:ERROR:process_memory_win.cc(73)] ReadMemory at 0x751e048 of 72 bytes failed: ReadProcessMemory veya WriteProcessMemory isteðinin sadece bir parçasý tamamlandý. (0x12B)
[0617/150834.108:ERROR:process_memory_win.cc(73)] ReadMemory at 0x751e0f8 of 72 bytes failed: ReadProcessMemory veya WriteProcessMemory isteðinin sadece bir parçasý tamamlandý. (0x12B)
[0617/150834.108:ERROR:process_memory_win.cc(73)] ReadMemory at 0x751e1b8 of 62 bytes failed: ReadProcessMemory veya WriteProcessMemory isteðinin sadece bir parçasý tamamlandý. (0x12B)
[0617/150834.108:ERROR:process_memory_win.cc(73)] ReadMemory at 0x751e448 of 62 bytes failed: ReadProcessMemory veya WriteProcessMemory isteðinin sadece bir parçasý tamamlandý. (0x12B)
[0617/150834.108:ERROR:process_memory_win.cc(73)] ReadMemory at 0x751e4b8 of 58 bytes failed: ReadProcessMemory veya WriteProcessMemory isteðinin sadece bir parçasý tamamlandý. (0x12B)
[0617/150834.108:ERROR:process_memory_win.cc(73)] ReadMemory at 0x751e690 of 64 bytes failed: ReadProcessMemory veya WriteProcessMemory isteðinin sadece bir parçasý tamamlandý. (0x12B)
[0617/150834.108:ERROR:process_memory_win.cc(73)] ReadMemory at 0x751e758 of 80 bytes failed: ReadProcessMemory veya WriteProcessMemory isteðinin sadece bir parçasý tamamlandý. (0x12B)
[0617/150834.108:ERROR:process_memory_win.cc(73)] ReadMemory at 0x751e918 of 64 bytes failed: ReadProcessMemory veya WriteProcessMemory isteðinin sadece bir parçasý tamamlandý. (0x12B)
[0617/150834.108:ERROR:process_memory_win.cc(73)] ReadMemory at 0x751e968 of 78 bytes failed: ReadProcessMemory veya WriteProcessMemory isteðinin sadece bir parçasý tamamlandý. (0x12B)
[0617/150834.108:ERROR:process_memory_win.cc(73)] ReadMemory at 0x751f828 of 64 bytes failed: ReadProcessMemory veya WriteProcessMemory isteðinin sadece bir parçasý tamamlandý. (0x12B)
[0617/150834.108:ERROR:process_memory_win.cc(73)] ReadMemory at 0x75211f8 of 62 bytes failed: ReadProcessMemory veya WriteProcessMemory isteðinin sadece bir parçasý tamamlandý. (0x12B)
[0617/150834.108:ERROR:process_memory_win.cc(73)] ReadMemory at 0x75214b8 of 64 bytes failed: ReadProcessMemory veya WriteProcessMemory isteðinin sadece bir parçasý tamamlandý. (0x12B)
[0617/150834.108:ERROR:process_memory_win.cc(73)] ReadMemory at 0x7521ee0 of 60 bytes failed: ReadProcessMemory veya WriteProcessMemory isteðinin sadece bir parçasý tamamlandý. (0x12B)
[0617/150834.108:ERROR:process_memory_win.cc(73)] ReadMemory at 0x75237e8 of 64 bytes failed: ReadProcessMemory veya WriteProcessMemory isteðinin sadece bir parçasý tamamlandý. (0x12B)
[0617/150834.109:ERROR:process_memory_win.cc(73)] ReadMemory at 0x7523898 of 66 bytes failed: ReadProcessMemory veya WriteProcessMemory isteðinin sadece bir parçasý tamamlandý. (0x12B)
[0617/150834.109:ERROR:process_memory_win.cc(73)] ReadMemory at 0x7525740 of 62 bytes failed: ReadProcessMemory veya WriteProcessMemory isteðinin sadece bir parçasý tamamlandý. (0x12B)
[0617/150834.109:ERROR:process_memory_win.cc(73)] ReadMemory at 0x7525860 of 60 bytes failed: ReadProcessMemory veya WriteProcessMemory isteðinin sadece bir parçasý tamamlandý. (0x12B)
[0617/150834.109:ERROR:process_memory_win.cc(73)] ReadMemory at 0x7525938 of 62 bytes failed: ReadProcessMemory veya WriteProcessMemory isteðinin sadece bir parçasý tamamlandý. (0x12B)
[0617/150834.109:ERROR:process_memory_win.cc(73)] ReadMemory at 0x7525980 of 60 bytes failed: ReadProcessMemory veya WriteProcessMemory isteðinin sadece bir parçasý tamamlandý. (0x12B)
[0617/150834.109:ERROR:process_memory_win.cc(73)] ReadMemory at 0x75259c8 of 62 bytes failed: ReadProcessMemory veya WriteProcessMemory isteðinin sadece bir parçasý tamamlandý. (0x12B)
[0617/150834.109:ERROR:process_memory_win.cc(73)] ReadMemory at 0x7525a10 of 58 bytes failed: ReadProcessMemory veya WriteProcessMemory isteðinin sadece bir parçasý tamamlandý. (0x12B)
[0617/150834.109:ERROR:process_memory_win.cc(73)] ReadMemory at 0x7525a58 of 62 bytes failed: ReadProcessMemory veya WriteProcessMemory isteðinin sadece bir parçasý tamamlandý. (0x12B)
[0617/150834.109:ERROR:process_memory_win.cc(73)] ReadMemory at 0x7525aa0 of 60 bytes failed: ReadProcessMemory veya WriteProcessMemory isteðinin sadece bir parçasý tamamlandý. (0x12B)
[0617/150834.109:ERROR:process_memory_win.cc(73)] ReadMemory at 0x7525ae8 of 58 bytes failed: ReadProcessMemory veya WriteProcessMemory isteðinin sadece bir parçasý tamamlandý. (0x12B)
[0617/150834.109:ERROR:process_memory_win.cc(73)] ReadMemory at 0x7525b30 of 60 bytes failed: ReadProcessMemory veya WriteProcessMemory isteðinin sadece bir parçasý tamamlandý. (0x12B)
[0617/150834.109:ERROR:process_memory_win.cc(73)] ReadMemory at 0x7525c08 of 62 bytes failed: ReadProcessMemory veya WriteProcessMemory isteðinin sadece bir parçasý tamamlandý. (0x12B)
[0617/150834.109:ERROR:process_memory_win.cc(73)] ReadMemory at 0x7525d28 of 60 bytes failed: ReadProcessMemory veya WriteProcessMemory isteðinin sadece bir parçasý tamamlandý. (0x12B)
[0617/150834.109:ERROR:process_memory_win.cc(73)] ReadMemory at 0x7525e48 of 62 bytes failed: ReadProcessMemory veya WriteProcessMemory isteðinin sadece bir parçasý tamamlandý. (0x12B)
[0617/150834.109:ERROR:process_memory_win.cc(73)] ReadMemory at 0x7528630 of 64 bytes failed: ReadProcessMemory veya WriteProcessMemory isteðinin sadece bir parçasý tamamlandý. (0x12B)
[0617/150834.109:ERROR:process_memory_win.cc(73)] ReadMemory at 0x75286d0 of 66 bytes failed: ReadProcessMemory veya WriteProcessMemory isteðinin sadece bir parçasý tamamlandý. (0x12B)
[0617/150834.109:ERROR:process_memory_win.cc(73)] ReadMemory at 0x752f590 of 72 bytes failed: ReadProcessMemory veya WriteProcessMemory isteðinin sadece bir parçasý tamamlandý. (0x12B)
[0617/150834.109:ERROR:process_memory_win.cc(73)] ReadMemory at 0x752f6f0 of 72 bytes failed: ReadProcessMemory veya WriteProcessMemory isteðinin sadece bir parçasý tamamlandý. (0x12B)
[0617/150834.109:ERROR:process_memory_win.cc(73)] ReadMemory at 0x752f7a0 of 72 bytes failed: ReadProcessMemory veya WriteProcessMemory isteðinin sadece bir parçasý tamamlandý. (0x12B)
[0617/150834.109:ERROR:process_memory_win.cc(73)] ReadMemory at 0x752fa60 of 72 bytes failed: ReadProcessMemory veya WriteProcessMemory isteðinin sadece bir parçasý tamamlandý. (0x12B)
[0617/150834.110:ERROR:process_memory_win.cc(73)] ReadMemory at 0x752fb10 of 72 bytes failed: ReadProcessMemory veya WriteProcessMemory isteðinin sadece bir parçasý tamamlandý. (0x12B)
[0617/150834.110:ERROR:process_memory_win.cc(73)] ReadMemory at 0x752fc70 of 72 bytes failed: ReadProcessMemory veya WriteProcessMemory isteðinin sadece bir parçasý tamamlandý. (0x12B)
[0617/150834.110:ERROR:process_memory_win.cc(73)] ReadMemory at 0x752fdd0 of 72 bytes failed: ReadProcessMemory veya WriteProcessMemory isteðinin sadece bir parçasý tamamlandý. (0x12B)
[0617/150834.110:ERROR:process_memory_win.cc(73)] ReadMemory at 0x7530820 of 72 bytes failed: ReadProcessMemory veya WriteProcessMemory isteðinin sadece bir parçasý tamamlandý. (0x12B)
[0617/150834.110:ERROR:process_memory_win.cc(73)] ReadMemory at 0x7536148 of 512 bytes failed: ReadProcessMemory veya WriteProcessMemory isteðinin sadece bir parçasý tamamlandý. (0x12B)
[0617/150834.110:ERROR:process_memory_win.cc(73)] ReadMemory at 0x753af68 of 512 bytes failed: ReadProcessMemory veya WriteProcessMemory isteðinin sadece bir parçasý tamamlandý. (0x12B)
[0617/150834.110:ERROR:process_memory_win.cc(73)] ReadMemory at 0x77e4b08 of 512 bytes failed: ReadProcessMemory veya WriteProcessMemory isteðinin sadece bir parçasý tamamlandý. (0x12B)
[0617/150834.110:ERROR:process_memory_win.cc(73)] ReadMemory at 0x77ebcd8 of 612 bytes failed: ReadProcessMemory veya WriteProcessMemory isteðinin sadece bir parçasý tamamlandý. (0x12B)
[0617/150834.110:ERROR:process_memory_win.cc(73)] ReadMemory at 0x786eca8 of 512 bytes failed: ReadProcessMemory veya WriteProcessMemory isteðinin sadece bir parçasý tamamlandý. (0x12B)
[0617/150834.110:ERROR:process_memory_win.cc(73)] ReadMemory at 0x46c04440 of 512 bytes failed: ReadProcessMemory veya WriteProcessMemory isteðinin sadece bir parçasý tamamlandý. (0x12B)
[0617/150834.110:ERROR:process_memory_win.cc(73)] ReadMemory at 0x46ce5478 of 512 bytes failed: ReadProcessMemory veya WriteProcessMemory isteðinin sadece bir parçasý tamamlandý. (0x12B)
[0617/150834.110:ERROR:process_memory_win.cc(73)] ReadMemory at 0x46ceb0f0 of 512 bytes failed: ReadProcessMemory veya WriteProcessMemory isteðinin sadece bir parçasý tamamlandý. (0x12B)
[0617/150834.110:ERROR:process_memory_win.cc(73)] ReadMemory at 0x5a87242d of 512 bytes failed: ReadProcessMemory veya WriteProcessMemory isteðinin sadece bir parçasý tamamlandý. (0x12B)
[0617/150834.110:ERROR:process_memory_win.cc(73)] ReadMemory at 0x67ce6328 of 512 bytes failed: ReadProcessMemory veya WriteProcessMemory isteðinin sadece bir parçasý tamamlandý. (0x12B)
[0617/150834.110:ERROR:process_memory_win.cc(73)] ReadMemory at 0x740686b0 of 512 bytes failed: ReadProcessMemory veya WriteProcessMemory isteðinin sadece bir parçasý tamamlandý. (0x12B)
[0617/150834.110:ERROR:process_memory_win.cc(73)] ReadMemory at 0x75190832 of 512 bytes failed: ReadProcessMemory veya WriteProcessMemory isteðinin sadece bir parçasý tamamlandý. (0x12B)
[0617/150834.110:ERROR:process_memory_win.cc(73)] ReadMemory at 0x7521d550 of 512 bytes failed: ReadProcessMemory veya WriteProcessMemory isteðinin sadece bir parçasý tamamlandý. (0x12B)
[0617/150834.110:ERROR:process_memory_win.cc(73)] ReadMemory at 0x77199af4 of 18 bytes failed: ReadProcessMemory veya WriteProcessMemory isteðinin sadece bir parçasý tamamlandý. (0x12B)
[0617/150834.110:ERROR:process_memory_win.cc(73)] ReadMemory at 0x771fe72c of 592 bytes failed: ReadProcessMemory veya WriteProcessMemory isteðinin sadece bir parçasý tamamlandý. (0x12B)
[0617/150834.111:ERROR:process_memory_win.cc(73)] ReadMemory at 0x771fea4c of 512 bytes failed: ReadProcessMemory veya WriteProcessMemory isteðinin sadece bir parçasý tamamlandý. (0x12B)
[0617/150834.111:ERROR:process_memory_win.cc(73)] ReadMemory at 0x7720036c of 560 bytes failed: ReadProcessMemory veya WriteProcessMemory isteðinin sadece bir parçasý tamamlandý. (0x12B)
[0617/150834.111:ERROR:process_memory_win.cc(73)] ReadMemory at 0x772a5418 of 24 bytes failed: ReadProcessMemory veya WriteProcessMemory isteðinin sadece bir parçasý tamamlandý. (0x12B)
[0617/150834.111:ERROR:process_memory_win.cc(73)] ReadMemory at 0x772a573c of 32 bytes failed: ReadProcessMemory veya WriteProcessMemory isteðinin sadece bir parçasý tamamlandý. (0x12B)
[0617/150834.111:ERROR:process_memory_win.cc(73)] ReadMemory at 0x772a7be0 of 36 bytes failed: ReadProcessMemory veya WriteProcessMemory isteðinin sadece bir parçasý tamamlandý. (0x12B)
[0617/150834.112:ERROR:scoped_process_suspend.cc(40)] NtResumeProcess: Sona ermekte olan bir iþleme eriþmeye çalýþýldý. (0xc000010a)
[0624/100735.149:ERROR:process_reader_win.cc(151)] SuspendThread: Eriþim engellendi. (0x5)
[0624/100735.150:ERROR:exception_snapshot_win.cc(98)] thread ID 19424 not found in process
[0624/100735.150:ERROR:scoped_process_suspend.cc(40)] NtResumeProcess: Sona ermekte olan bir iþleme eriþmeye çalýþýldý. (0xc000010a)
